0 info it worked if it ends with ok
1 verbose cli [ '/usr/bin/nodejs', '/usr/bin/npm', 'publish' ]
2 info using npm@3.5.2
3 info using node@v4.2.6
4 verbose publish [ '.' ]
5 silly cache add args [ '.', null ]
6 verbose cache add spec .
7 silly cache add parsed spec Result {
7 silly cache add   raw: '.',
7 silly cache add   scope: null,
7 silly cache add   name: null,
7 silly cache add   rawSpec: '.',
7 silly cache add   spec: '/home/josue/Documentos/16-17/TESTEO/Nayra/subiendola/autenticacion-oauth-con-passport-josue-nayra-1',
7 silly cache add   type: 'directory' }
8 verbose addLocalDirectory /home/josue/.npm/gitbook-start-heroku-josue-nayra/1.1.5/package.tgz not in flight; packing
9 info lifecycle gitbook-start-heroku-josue-nayra@1.1.5~prepublish: gitbook-start-heroku-josue-nayra@1.1.5
10 silly lifecycle gitbook-start-heroku-josue-nayra@1.1.5~prepublish: no script for prepublish, continuing
11 verbose tar pack [ '/home/josue/.npm/gitbook-start-heroku-josue-nayra/1.1.5/package.tgz',
11 verbose tar pack   '/home/josue/Documentos/16-17/TESTEO/Nayra/subiendola/autenticacion-oauth-con-passport-josue-nayra-1' ]
12 verbose tarball /home/josue/.npm/gitbook-start-heroku-josue-nayra/1.1.5/package.tgz
13 verbose folder /home/josue/Documentos/16-17/TESTEO/Nayra/subiendola/autenticacion-oauth-con-passport-josue-nayra-1
14 verbose addLocalTarball adding from inside cache /home/josue/.npm/gitbook-start-heroku-josue-nayra/1.1.5/package.tgz
15 silly cache afterAdd gitbook-start-heroku-josue-nayra@1.1.5
16 verbose afterAdd /home/josue/.npm/gitbook-start-heroku-josue-nayra/1.1.5/package/package.json not in flight; writing
17 verbose afterAdd /home/josue/.npm/gitbook-start-heroku-josue-nayra/1.1.5/package/package.json written
18 silly publish { name: 'gitbook-start-heroku-josue-nayra',
18 silly publish   version: '1.1.5',
18 silly publish   description: 'Plugin that lets users to deploy a gitbook in Heroku',
18 silly publish   main: 'gitbook-start-heroku-josue-nayra.js',
18 silly publish   scripts:
18 silly publish    { start: 'node ./bin/gitbook-start-heroku-josue-nayra.js',
18 silly publish      test: 'echo "Error: no test specified" && exit 1' },
18 silly publish   repository:
18 silly publish    { type: 'git',
18 silly publish      url: 'git+https://github.com/ULL-ESIT-SYTW-1617/gitbook-start-heroku-josue-nayra.git' },
18 silly publish   contributors:
18 silly publish    [ { name: 'Josue Toledo',
18 silly publish        email: 'alu0100763492@ull.edu.es',
18 silly publish        url: 'www.github.com/JosueTC94' },
18 silly publish      { name: 'Nayra Rodriguez',
18 silly publish        email: 'alu0100406122@ull.edu.es',
18 silly publish        url: 'www.github.com/alu0100406122' } ],
18 silly publish   keywords: [ 'Gitbook', 'deploy', 'heroku' ],
18 silly publish   author: '',
18 silly publish   license: 'ISC',
18 silly publish   bugs: { url: 'https://github.com/ULL-ESIT-SYTW-1617/gitbook-start-heroku-josue-nayra/issues' },
18 silly publish   homepage: 'https://github.com/ULL-ESIT-SYTW-1617/gitbook-start-heroku-josue-nayra#readme',
18 silly publish   dependencies:
18 silly publish    { 'body-parser': '^1.15.2',
18 silly publish      'connect-ensure-login': '^0.1.1',
18 silly publish      'cookie-parser': '^1.4.3',
18 silly publish      ejs: '^2.5.2',
18 silly publish      express: '^4.14.0',
18 silly publish      'express-passport-logout': '^0.1.0',
18 silly publish      'express-session': '^1.14.2',
18 silly publish      'fs-extra': '^0.30.0',
18 silly publish      gulp: '^3.9.1',
18 silly publish      'gulp-install': '^0.6.0',
18 silly publish      'gulp-shell': '^0.5.2',
18 silly publish      'heroku-client': '^3.0.0-beta3',
18 silly publish      inquirer: '^1.2.3',
18 silly publish      minimist: '^1.2.0',
18 silly publish      morgan: '^1.7.0',
18 silly publish      octonode: '^0.7.6',
18 silly publish      passport: '^0.3.2',
18 silly publish      'passport-github': '^1.1.0',
18 silly publish      path: '^0.12.7',
18 silly publish      prompt: '^1.0.0',
18 silly publish      'simple-git': '^1.62.0' },
18 silly publish   readme: '# Práctica 7. Sistemas y Tecnologías Web\n\n## Plugin: Autenticación OAuth con Passport\n\nEl servidor proveído por el plugin (sea iaas o heroku) deberá autenticar que el lector del libro pertenece a una organización dada de GitHub (por ejemplo ULL-ESIT-SYTW-1617). \nSi es el caso que pertenece podrá seguir leyendo el libro, sino será redirigido a la ruta de autenticación.\n\n\n[Plugin: gitbook-start-heroku-josue-nayra](https://github.com/ULL-ESIT-SYTW-1617/gitbook-start-heroku-josue-nayra)\n\n**Versiones de los paquetes:**\n\n* gitbook-start-josue-nayra: **@1.8.5** (latest)\n* gitbook-start-heroku-josue-nayra: **@1.1.5**\n* gitbook-start-iaas-ull-es-josue-nayra: **@1.1.9**\n\n\n### Pasos a seguir:\n\nSeguimos los pasos especificados de nuestro plugin para la creación del libro:\n\n1- Descargar el paquete inicial: **gitbook-start-josue-nayra**\n    \n```bash\n$ npm install -g gitbook-start-josue-nayra \n```\n\n2- Crear el libro mediante el comando:\n    \n```bash\n$ gitbook-start -d <directorio> --autor <autor> --name <nombre_libro> --url <url_repo>\n```\n\nSe construye así la estructura inicial por **gitbook-start**, es decir, la jerarquía de directorios conteniendo los scripts y ficheros markdown para el libro.\n\n\n3- Colocarse en la carpeta que contiene el libro.\n\n```bash\n$ cd <directorio en el que se ha desplegado el libro>\n```\n\n\n4- Instalar las dependencias necesarias mediante el comando:\n    \n```bash\n$ npm install \n```\n\n\n5- Instalar el plugin requerido como dependendecia con la opción --save, como por ejemplo: **gitbook-start-heroku-ull-es-josue-nayra** para el despliegue en Heroku.\n    \n```bash\n$ npm install --save gitbook-start-heroku-josue-nayra\n```\n\n\n6- Es necesario tener el repositorio remoto actualizado. Para ello podemos ejecutar una de las tareas descritas en el gulpfile.\n\n```\n$ gulp push --mensaje <mensaje commit>\n```\n\n\n7- Nos **logueamos en Heroku** a través del siguiente comando:\n\n```bash\n$ heroku login\n```\n\n\n8- Ahora debemos **asignarle un nombre a la aplicación** de Heroku que se creará en el siguiente paso. Para ello accedemos al package.json y rellenamos la sección de Heroku:\n\n```json\n  "Heroku":{\n    "nombre_app": "<nombre de la aplicación"\n  },\n```\n\n\n9- Construcción del libro. Para hacerlo disponemos de una tarea en el gulpfile denominada **"build"**.\n\n```bash\n$ gulp build\n```\n\n\n10- Una vez que hemos instalado el plugin de Heroku,  ejecutamos el **deploy**:\n   \n```bash\n$ gitbook-start --deploy heroku  \n```\n\nUna vez ejecutado el comando anterior, se generará automáticamente en el gulpfile.js una tarea llamada \n"deploy-<máquina en la que realizar el despliegue>" que permitirá al usuario actualizar el contenido de dicha máquina.\n\n```javascript\ngulp.task("deploy-<máquina en la que realizar el despliegue>", function(){\n    require(path.join(basePath, \'node_modules\',\'<plugin de depliegue>\')).deploy(...);\n});\n```\n\n\n11- Ahora el usuario podrá ejecutar el siguiente comando y se le actualizarán los cambios en el Gitbook desplegado en Heroku:\n\n``` \n$ gulp deploy-heroku \n```\n\n\n### Tareas Gulp\n\n\n* **push**\n\nTarea habilitada para que el usuario pueda actualizar el repositorio que contiene el gitbook. Está disponible una opción --mensaje para especificar el mensaje del commit.\n\n```bash\n$ gulp push --mensaje <mensaje del commit>\n```\n\n* **instalar_recursos**\n\nTarea que permite al usuario instalar plugins y dependencias necesarias para su gitbook.\n\n```bash\n$ gulp instalar_recursos\n```\n\n* **build**\n\nTarea para la construcción del libro.\n\n```bash\n$ gulp build\n```\n\n\n* **deploy**\n\nTarea deploy genérica que actualiza las gh-pages del gitbook.\n```\n$ gulp deploy\n```\n\n* **deploy-heroku**\n\nTarea generada posteriormente a la realización y ejecución del comando gitbook-start --deploy, que permite al usuario realizar posteriores despliegues y actualizaciones de su gitbook en Heroku con gulp.\nPor ejemplo, en el caso de que el usuario despliegue en Heroku, después de haber desplegado con la opción gitbook-start --deploy heroku, en el gulpfile se generará una tarea\ncon el nombre deploy-heroku.\n\n```\n$ gulp deploy-heroku\n```\n\n\n### Enlaces\n\n- [Campus virtual](https://campusvirtual.ull.es/1617/course/view.php?id=1175)\n\n- [Descripción de la práctica](https://casianorodriguezleon.gitbooks.io/ull-esit-1617/content/practicas/practicaplugin2.html)\n\n- [Publicación del paquete gitbook-start-josue-nayra](https://www.npmjs.com/package/gitbook-start-josue-nayra)\n\n- [Plugin para el despliegue en IAAS](https://www.npmjs.com/package/gitbook-start-iaas-ull-es-josue-nayra)\n\n- [Plugin para el despliegue con Heroku](https://www.npmjs.com/package/gitbook-start-heroku-josue-nayra)\n\n- [Repositorio del plugin Heroku](https://github.com/ULL-ESIT-SYTW-1617/gitbook-start-heroku-josue-nayra/) \n\n- [Repositorio del plugin IAAS](https://github.com/ULL-ESIT-SYTW-1617/gitbook-start-iaas-ull-es-josue-nayra) \n\n- [Repositorio de gitbook-start-josue-nayra](https://github.com/ULL-ESIT-SYTW-1617/nueva-funcionalidad-para-el-paquete-npm-plugins-josue-nayra)\n\n- [Repositorio MAIN Heroku](https://github.com/ULL-ESIT-SYTW-1617/practica-plugins-heroku-josue-nayra)\n\n\n\n### Referencias\n\n- [Tutorial para publicar paquetes nodejs](https://casianorodriguezleon.gitbooks.io/ull-esit-1617/content/apuntes/nodejspackages.html)\n\n- [Gulp](https://casianorodriguezleon.gitbooks.io/ull-esit-1617/content/apuntes/gulp/)\n\n- [Uso de templates](https://www.npmjs.com/package/ejs)\n\n- [Fyle System de Nodejs para el manejo de archivos](https://casianorodriguezleon.gitbooks.io/ull-esit-1617/content/apuntes/fs.html)\n\n- [Construyendo package.json](https://docs.npmjs.com/files/package.json)\n\n\n\n### Integrantes\n\n- Josué Toledo Castro\n    [Github personal](www.github.com/JosueTC94)\n- María Nayra Rodríguez Pérez\n    [Github personal](www.github.com/alu0100406122)',
18 silly publish   readmeFilename: 'README.md',
18 silly publish   gitHead: 'df4f98907dcd87daa5bb59b5ea57f7494e7ee5fc',
18 silly publish   _id: 'gitbook-start-heroku-josue-nayra@1.1.5',
18 silly publish   _shasum: 'c0728adaeec61669913748822e3b204cf9792d15',
18 silly publish   _from: '.' }
19 verbose getPublishConfig undefined
20 silly mapToRegistry name gitbook-start-heroku-josue-nayra
21 silly mapToRegistry using default registry
22 silly mapToRegistry registry http://registry.npmjs.org/
23 silly mapToRegistry uri http://registry.npmjs.org/gitbook-start-heroku-josue-nayra
24 verbose publish registryBase http://registry.npmjs.org/
25 silly publish uploading /home/josue/.npm/gitbook-start-heroku-josue-nayra/1.1.5/package.tgz
26 verbose request uri http://registry.npmjs.org/gitbook-start-heroku-josue-nayra
27 verbose request sending authorization for write operation
28 info attempt registry request try #1 at 20:46:39
29 verbose request using bearer token for auth
30 verbose request id 5625110eea361a2a
31 http request PUT http://registry.npmjs.org/gitbook-start-heroku-josue-nayra
32 http 403 http://registry.npmjs.org/gitbook-start-heroku-josue-nayra
33 verbose headers { 'content-type': 'application/json',
33 verbose headers   'cache-control': 'max-age=300',
33 verbose headers   'content-length': '95',
33 verbose headers   'accept-ranges': 'bytes',
33 verbose headers   date: 'Fri, 18 Nov 2016 20:46:40 GMT',
33 verbose headers   via: '1.1 varnish',
33 verbose headers   connection: 'keep-alive',
33 verbose headers   'x-served-by': 'cache-lcy1147-LCY',
33 verbose headers   'x-cache': 'MISS',
33 verbose headers   'x-cache-hits': '0',
33 verbose headers   'x-timer': 'S1479501999.206694,VS0,VE1308',
33 verbose headers   vary: 'Accept-Encoding' }
34 verbose request invalidating /home/josue/.npm/registry.npmjs.org/gitbook-start-heroku-josue-nayra on PUT
35 error publish Failed PUT 403
36 verbose stack Error: "You cannot publish over the previously published version 1.1.5." : gitbook-start-heroku-josue-nayra
36 verbose stack     at makeError (/usr/share/npm/node_modules/npm-registry-client/lib/request.js:264:12)
36 verbose stack     at CachingRegistryClient.<anonymous> (/usr/share/npm/node_modules/npm-registry-client/lib/request.js:252:14)
36 verbose stack     at Request._callback (/usr/share/npm/node_modules/npm-registry-client/lib/request.js:172:14)
36 verbose stack     at Request.self.callback (/usr/share/npm/node_modules/request/request.js:198:22)
36 verbose stack     at emitTwo (events.js:87:13)
36 verbose stack     at Request.emit (events.js:172:7)
36 verbose stack     at Request.<anonymous> (/usr/share/npm/node_modules/request/request.js:1082:10)
36 verbose stack     at emitOne (events.js:82:20)
36 verbose stack     at Request.emit (events.js:169:7)
36 verbose stack     at IncomingMessage.<anonymous> (/usr/share/npm/node_modules/request/request.js:1009:12)
37 verbose statusCode 403
38 verbose pkgid gitbook-start-heroku-josue-nayra
39 verbose cwd /home/josue/Documentos/16-17/TESTEO/Nayra/subiendola/autenticacion-oauth-con-passport-josue-nayra-1
40 error Linux 4.4.0-45-generic
41 error argv "/usr/bin/nodejs" "/usr/bin/npm" "publish"
42 error node v4.2.6
43 error npm  v3.5.2
44 error code E403
45 error "You cannot publish over the previously published version 1.1.5." : gitbook-start-heroku-josue-nayra
46 error If you need help, you may report this error at:
46 error     <https://github.com/npm/npm/issues>
47 verbose exit [ 1, true ]
